

Table of Empirical Results for Temperature Series, Standard Regressions

                                     tstar                         t-PS         
  J
      T     bhat   t-hac   twt    5%    2.5%    1%    btild      5%    2.5%    1
%
jwb
   140    0.004155  10.12  1.321  10.24  9.069  7.736  0.003732  3.49   3.111 
 2.524  0.4128 
jwbenso
   125    0.004429  9.478  1.46   10.6   9.029  7.316  0.004114  3.488  2.994 
 2.271  0.5465 
wh
   114    0.005359  9.688  1.341  18.15  15.75  13.08  0.005277  3.55   3.104 
 2.432  0.4819 
vgl
   113    0.005184  8.497  1.211  16.24  14.07  11.66  0.005065  3.16   2.757 
 2.154  0.4883 
jp
   141    0.004334  6.903  1.257  5.481  4.159  2.897  0.003653  1.852  1.425 
 0.8863  0.939 
jobp(year)
   145    0.004268  7.342  1.283  5.434  4.174  2.955  0.003564  1.881  1.465 
 0.9302  0.8971 

Critical values for test statistics.

        t-hac  tstar   t-ps    twt         J

 0.95   1.645  6.46   1.72   2.298  0.01   0.488 
 0.975  1.96   8.22   2.152  2.835  0.025  0.678 
 0.99   2.33   10.5   2.647  3.479  0.05   0.908 
