 255.0000  47.3460  0.0000  0.0000  0.0000  43.1588  0.0000  0.0000  0.0000 
 28.9376 


Critical values for test statistics.

          tdan   t-ps              J

 0.9500  1.7100  1.7200  0.0100  0.4880 
 0.9750  2.0520  2.1520  0.0250  0.6780 
 0.9900  2.4620  2.6470  0.0500  0.9080 
 255.0000  0.0051  3.6648  3.0882  2.4231  0.0063  2.3514  2.1256  1.7701 
 0.3618 


Critical values for test statistics.

           t-ps
C:\Dropbox\lu\1920s\time series\vogelsang
 255.0000  2.3514  2.1256  1.7701 


Critical values for test statistics.

           t-ps
C:\Dropbox\lu\1920s\time series\vogelsang
 255.0000  0.0051  3.6648  3.0882  2.4231  0.0063  2.3514  2.1256  1.7701 
 0.3618 


Critical values for test statistics.

          tdan   t-ps              J

 0.9500  1.7100  1.7200  0.0100  0.4880 
 0.9750  2.0520  2.1520  0.0250  0.6780 
 0.9900  2.4620  2.6470  0.0500  0.9080 
 255.0000  0.0051  3.6648  3.0882  2.4231  0.0063  2.3514  2.1256  1.7701 


Critical values for test statistics.

          tdan   t-ps              J
C:\Dropbox\lu\1920s\time series\vogelsang

Table of Empirical Results for Trend Tests
t-PS is the test of Vogelsang (1998) and t-Dan is one of
tests recommended by Bunzel and Vogelsang (2003)

                       tdan-J b=0.02                       t-PS             J
    T      bhat       5%     2.5%     1%    btild     5%     2.5%     1%
 255.0000  0.0051  3.6648  3.0882  2.4231  0.0063  2.3514  2.1256  1.7701 
 0.3618 


Critical values for test statistics.

          tdan   t-ps              J

 0.9500  1.7100  1.7200  0.0100  0.4880 
 0.9750  2.0520  2.1520  0.0250  0.6780 
 0.9900  2.4620  2.6470  0.0500  0.9080 

Table of Empirical Results for Trend Tests
t-PS is the test of Vogelsang (1998) and t-Dan is one of
tests recommended by Bunzel and Vogelsang (2003)

                       tdan-J b=0.02                       t-PS             J
    T      bhat       5%     2.5%     1%    btild     5%     2.5%     1%
 255.0000  0.0051  0.0063  2.3514  2.1256  1.7701  0.3618 


Critical values for test statistics.

          tdan   t-ps              J

 0.9500  1.7100  1.7200  0.0100  0.4880 
 0.9750  2.0520  2.1520  0.0250  0.6780 
 0.9900  2.4620  2.6470  0.0500  0.9080 

Table of Empirical Results for Trend Tests
t-PS is the test of Vogelsang (1998) and t-Dan is one of
tests recommended by Bunzel and Vogelsang (2003)

                       tdan-J b=0.02                       t-PS             J
    T      bhat       5%     2.5%     1%    btild     5%     2.5%     1%
 255.0000  0.0051  0.0063  2.3514  2.1256  1.7701  0.3618 


Critical values for test statistics.

          tdan   t-ps              J

 0.9500  1.7200  0.0100  0.4880 
 0.9750  2.1520  0.0250  0.6780 
 0.9900  2.6470  0.0500  0.9080 

Table of Empirical Results for Trend Tests
t-PS is the test of Vogelsang (1998) and t-Dan is one of
tests recommended by Bunzel and Vogelsang (2003)

                       tdan-J b=0.02                       t-PS             J
    T      bhat       5%     2.5%     1%    btild     5%     2.5%     1%
 255.0000  0.0051  0.0063  2.3514  2.1256  1.7701  0.3618 


Critical values for test statistics.

          t-ps              J

 0.9500  1.7200  0.0100  0.4880 
 0.9750  2.1520  0.0250  0.6780 
 0.9900  2.6470  0.0500  0.9080 

Table of Empirical Results for Trend Tests
t-PS is the test of Vogelsang (1998) and t-Dan is one of
tests recommended by Bunzel and Vogelsang (2003)

                       tdan-J b=0.02                       t-PS             J
    T      bhat       5%     2.5%     1%    btild     5%     2.5%     1%
 255.0000  0.0051  0.0063  2.3514  2.1256  1.7701  0.3618 


Critical values for test statistics.

          t-ps              J

 0.9500  1.7200  0.0100  0.4880 
 0.9750  2.1520  0.0250  0.6780 
 0.9900  2.6470  0.0500  0.9080 

Table of Empirical Results for Trend Tests
t-PS is the test of Vogelsang (1998) and t-Dan is one of
tests recommended by Bunzel and Vogelsang (2003)

                       tdan-J b=0.02                       t-PS             J
    T      bhat       5%     2.5%     1%    btild     5%     2.5%     1%
 255.0000  0.0051  0.0063  2.3514  2.1256  1.7701  0.3618 


Critical values for test statistics.

          t-ps              J

 0.9500  1.7200 
 0.9750  2.1520 
 0.9900  2.6470 

Table of Empirical Results for Trend Tests
t-PS is the test of Vogelsang (1998) and t-Dan is one of
tests recommended by Bunzel and Vogelsang (2003)

                       tdan-J b=0.02                       t-PS             J
    T      bhat       5%     2.5%     1%    btild     5%     2.5%     1%
 255.0000  0.0051  0.0063  2.3514  2.1256  1.7701 


Critical values for test statistics.

          t-ps              J

 0.9500  1.7200 
 0.9750  2.1520 
 0.9900  2.6470 

Table of Empirical Results for Trend Tests
t-PS is the test of Vogelsang (1998) and t-Dan is one of
tests recommended by Bunzel and Vogelsang (2003)

                       t-PS             J
    T      bhat       btild     5%     2.5%     1%
 255.0000  0.0051  0.0063  2.3514  2.1256  1.7701  0.3618 


Critical values for test statistics.

          t-ps              J

 0.9500  1.7200  0.0100  0.4880 
 0.9750  2.1520  0.0250  0.6780 
 0.9900  2.6470  0.0500  0.9080 

Table of Empirical Results for Trend Tests
t-PS is the test of Vogelsang (1998) and t-Dan is one of
tests recommended by Bunzel and Vogelsang (2003)

                       t-PS             J
    T      bhat       btild     5%     2.5%     1%
 255.0000  0.0051  0.0063  2.3514  2.1256  1.7701  0.3618 


Critical values for test statistics.

                t-ps              J

 0.9500  1.7200  0.0100  0.4880 
 0.9750  2.1520  0.0250  0.6780 
 0.9900  2.6470  0.0500  0.9080 

Table of Empirical Results for Trend Tests
t-PS is the test of Vogelsang (1998) and t-Dan is one of
tests recommended by Bunzel and Vogelsang (2003)

                            t-PS             J
    T      bhat     btild     5%     2.5%     1%
 255.0000  0.0051  0.0063  2.3514  2.1256  1.7701  0.3618 


Critical values for test statistics.

         t-ps              J

 0.9500  1.7200  0.0100  0.4880 
 0.9750  2.1520  0.0250  0.6780 
 0.9900  2.6470  0.0500  0.9080 

Table of Empirical Results for Trend Tests
t-PS is the test of Vogelsang (1998) and t-Dan is one of
tests recommended by Bunzel and Vogelsang (2003)

                            t-PS             J
    T      bhat     btild   5%     2.5%     1%
 255.0000  0.0051  0.0063  2.3514  2.1256  1.7701  0.3618 


Critical values for test statistics.

         t-ps              J

 0.9500  1.7200  0.0100  0.4880 
 0.9750  2.1520  0.0250  0.6780 
 0.9900  2.6470  0.0500  0.9080 

Table of Empirical Results for Trend Tests
t-PS is the test of Vogelsang (1998) and t-Dan is one of
tests recommended by Bunzel and Vogelsang (2003)

                                 t-PS             J
    T      bhat     btild    5%     2.5%     1%
 255.0000  0.0051  0.0063  2.3514  2.1256  1.7701  0.3618 


Critical values for test statistics.

         t-ps              J

 0.9500  1.7200  0.0100  0.4880 
 0.9750  2.1520  0.0250  0.6780 
 0.9900  2.6470  0.0500  0.9080 

Table of Empirical Results for Trend Tests
t-PS is the test of Vogelsang (1998) and t-Dan is one of
tests recommended by Bunzel and Vogelsang (2003)

                                    t-PS             J
    T      bhat     btild    5%     2.5%     1%
 255.0000  0.0051  0.0063  2.3514  2.1256  1.7701  0.3618 


Critical values for test statistics.

         t-ps              J

 0.9500  1.7200  0.0100  0.4880 
 0.9750  2.1520  0.0250  0.6780 
 0.9900  2.6470  0.0500  0.9080 

Table of Empirical Results for Trend Tests
t-PS is the test of Vogelsang (1998) and t-Dan is one of
tests recommended by Bunzel and Vogelsang (2003)

                                    t-PS             J
    T      bhat     btild    5%     2.5%     1%
 250.0000  0.0057  0.0064  2.3472  2.1405  1.8111  0.3303 


Critical values for test statistics.

         t-ps              J

 0.9500  1.7200  0.0100  0.4880 
 0.9750  2.1520  0.0250  0.6780 
 0.9900  2.6470  0.0500  0.9080 

Table of Empirical Results for Trend Test
t-PS is the test of Vogelsang (1998)

                                    t-PS             J
    T      bhat     btild    5%     2.5%     1%
 250.0000  0.0057  0.0064  2.3472  2.1405  1.8111  0.3303 


Critical values for test statistics.

         t-ps              J

 0.9500  1.7200  0.0100  0.4880 
 0.9750  2.1520  0.0250  0.6780 
 0.9900  2.6470  0.0500  0.9080 

Table of Empirical Results for Trend Test
t-PS is the test of Vogelsang (1998)

                                    t-PS             J
    T      bhat     btild    5%     2.5%     1%
 250.0000  0.0057  0.0064  2.3472  2.1405  1.8111  0.3303 


Critical values for test statistics.

         t-ps              J

 0.9500  1.7200  0.0100  0.4880 
 0.9750  2.1520  0.0250  0.6780 
 0.9900  2.6470  0.0500  0.9080 

Table of Empirical Results for Trend Test
t-PS is the test of Vogelsang (1998)

                                    t-PS             J
    T      bhat     btild    5%     2.5%     1%
 250.00000000  0.00572053  0.00638985  2.34715686  2.14053810  1.81110413 
 0.33027780 


Critical values for test statistics.

         t-ps              J

 0.95000000  1.72000000  0.01000000  0.48800000 
 0.97500000  2.15200000  0.02500000  0.67800000 
 0.99000000  2.64700000  0.05000000  0.90800000 

Table of Empirical Results for Trend Test
t-PS is the test of Vogelsang (1998)

                                    t-PS             J
    T      bhat     btild    5%     2.5%     1%
 250.00000000  0.00572053  0.00638985  2.34715686  2.14053810  1.81110413 
 0.33027780 


Critical values for test statistics.

         t-ps              J

 0.95000000  1.72000000  0.01000000  0.48800000 
 0.97500000  2.15200000  0.02500000  0.67800000 
 0.99000000  2.64700000  0.05000000  0.90800000 

Table of Empirical Results for Trend Test
t-PS is the test of Vogelsang (1998)

                                    t-PS             J
    T      bhat     btild    5%     2.5%     1%
 250.00000000  0.00572053  0.00638985  2.34715686  2.14053810  1.81110413 
 0.33027780 


Critical values for test statistics.

         t-ps              J

 0.95000000  1.72000000  0.01000000  0.48800000 
 0.97500000  2.15200000  0.02500000  0.67800000 
 0.99000000  2.64700000  0.05000000  0.90800000 

Table of Empirical Results for Trend Test
t-PS is the test of Vogelsang (1998)

                                    t-PS             J
    T      bhat     btild    5%     2.5%     1%
 250.00000000  0.00572053  0.00638985  2.34715686  2.14053810  1.81110413 
 0.33027780 


Critical values for test statistics.

         t-ps              J

 0.95000000  1.72000000  0.01000000  0.48800000 
 0.97500000  2.15200000  0.02500000  0.67800000 
 0.99000000  2.64700000  0.05000000  0.90800000 

Table of Empirical Results for Trend Test
t-PS is the test of Vogelsang (1998)

                                    t-PS             J
    T      bhat     btild    5%     2.5%     1%
 250.00000000  0.00572053  0.00638985  2.34715686  2.14053810  1.81110413 
 0.33027780 


Critical values for test statistics.

         t-ps              J

 0.95000000  1.72000000  0.01000000  0.48800000 
 0.97500000  2.15200000  0.02500000  0.67800000 
 0.99000000  2.64700000  0.05000000  0.90800000 

Table of Empirical Results for Trend Test
t-PS is the test of Vogelsang (1998)

                                    t-PS             J
    T      bhat     btild    5%     2.5%     1%
 250.00000000  0.00572053  0.00638985  2.34715686  2.14053810  1.81110413 
 0.33027780 


Critical values for test statistics.

         t-ps              J

 0.95000000  1.72000000  0.01000000  0.48800000 
 0.97500000  2.15200000  0.02500000  0.67800000 
 0.99000000  2.64700000  0.05000000  0.90800000 

Table of Empirical Results for Trend Test
t-PS is the test of Vogelsang (1998)

                                    t-PS             J
    T      bhat     btild    5%     2.5%     1%
 250.00000000  0.00572053  0.00638985  2.34715686  2.14053810  1.81110413 
 0.33027780 


Critical values for test statistics.

         t-ps              J

 0.95000000  1.72000000  0.01000000  0.48800000 
 0.97500000  2.15200000  0.02500000  0.67800000 
 0.99000000  2.64700000  0.05000000  0.90800000 

Table of Empirical Results for Trend Test
t-PS is the test of Vogelsang (1998)

                                    t-PS             J
    T      bhat     btild    5%     2.5%     1%
 250.00000000  0.00572053  0.00638985  2.34715686  2.14053810  1.81110413 
 0.33027780 


Critical values for test statistics.

         t-ps              J

 0.95000000  1.72000000  0.01000000  0.48800000 
 0.97500000  2.15200000  0.02500000  0.67800000 
 0.99000000  2.64700000  0.05000000  0.90800000 

Table of Empirical Results for Trend Tests
t-PS is the test of Vogelsang (1998) and t-Dan is one of
tests recommended by Bunzel and Vogelsang (2003)

                       tdan-J b=0.02                       t-PS             J
    T      bhat       5%     2.5%     1%    btild     5%     2.5%     1%
 100.0000  0.0000 -0.6553 -0.5472 -0.4238  0.0000 -1.0924 -0.9822 -0.8099 
 0.3812 


Critical values for test statistics.

          tdan   t-ps              J

 0.9500  1.7100  1.7200  0.0100  0.4880 
 0.9750  2.0520  2.1520  0.0250  0.6780 
 0.9900  2.4620  2.6470  0.0500  0.9080 

Table of Empirical Results for Trend Tests
t-PS is the test of Vogelsang (1998) and t-Dan is one of
tests recommended by Bunzel and Vogelsang (2003)

                       tdan-J b=0.02                       t-PS             J
    T      bhat       5%     2.5%     1%    btild     5%     2.5%     1%

Table of Empirical Results for Trend Tests
t-PS is the test of Vogelsang (1998) and t-Dan is one of
tests recommended by Bunzel and Vogelsang (2003)

                       tdan-J b=0.02                       t-PS             J
    T      bhat       5%     2.5%     1%    btild     5%     2.5%     1%

Table of Empirical Results for Trend Tests
t-PS is the test of Vogelsang (1998) and t-Dan is one of
tests recommended by Bunzel and Vogelsang (2003)

                       tdan-J b=0.02                       t-PS             J
    T      bhat       5%     2.5%     1%    btild     5%     2.5%     1%

Table of Empirical Results for Trend Test
t-PS is the test of Vogelsang (1998)

                                    t-PS             J
    T      bhat     btild    5%     2.5%     1%
 250.00000000  0.00572053  0.00638985  2.34715686  2.14053810  1.81110413 
 0.33027780 


Critical values for test statistics.

         t-ps              J

 0.95000000  1.72000000  0.01000000  0.48800000 
 0.97500000  2.15200000  0.02500000  0.67800000 
 0.99000000  2.64700000  0.05000000  0.90800000 

Table of Empirical Results for Trend Test
t-PS is the test of Vogelsang (1998)

                                    t-PS             J
    T      bhat     btild    5%     2.5%     1%
 250.00000000  0.00572053  0.00638985  2.34715686  2.14053810  1.81110413 
 0.33027780 


Critical values for test statistics.

         t-ps              J

 0.95000000  1.72000000  0.01000000  0.48800000 
 0.97500000  2.15200000  0.02500000  0.67800000 
 0.99000000  2.64700000  0.05000000  0.90800000 

Table of Empirical Results for Trend Test
t-PS is the test of Vogelsang (1998)

                                    t-PS             J
    T      bhat     btild    5%     2.5%     1%
 250.00000000  0.00572053  0.00638985  2.34715686  2.14053810  1.81110413 
 0.33027780 


Critical values for test statistics.

         t-ps              J

 0.95000000  1.72000000  0.01000000  0.48800000 
 0.97500000  2.15200000  0.02500000  0.67800000 
 0.99000000  2.64700000  0.05000000  0.90800000 

Table of Empirical Results for Trend Test
t-PS is the test of Vogelsang (1998)

                                    t-PS             J
    T      bhat     btild    5%     2.5%     1%
 250.00000000  0.00572053  0.00638985  2.34715686  2.14053810  1.81110413 
 0.33027780 


Critical values for test statistics.

         t-ps              J

 0.95000000  1.72000000  0.01000000  0.48800000 
 0.97500000  2.15200000  0.02500000  0.67800000 
 0.99000000  2.64700000  0.05000000  0.90800000 

Table of Empirical Results for Trend Test
t-PS is the test of Vogelsang (1998)

                                    t-PS             J
    T      bhat     btild    5%     2.5%     1%
 250.00000000  0.00572053  0.00638985  2.34715686  2.14053810  1.81110413 
 0.33027780 


Critical values for test statistics.

         t-ps              J

 0.95000000  1.72000000  0.01000000  0.48800000 
 0.97500000  2.15200000  0.02500000  0.67800000 
 0.99000000  2.64700000  0.05000000  0.90800000 

Table of Empirical Results for Trend Test
t-PS is the test of Vogelsang (1998)

                                    t-PS             J
    T      bhat     btild    5%     2.5%     1%
 250.00000000  0.00572053  0.00638985  2.34715686  2.14053810  1.81110413 
 0.33027780 


Critical values for test statistics.

         t-ps              J

 0.95000000  1.72000000  0.01000000  0.48800000 
 0.97500000  2.15200000  0.02500000  0.67800000 
 0.99000000  2.64700000  0.05000000  0.90800000 
 250.00000000  0.00572053  0.00638985  2.34715686  2.14053810  1.81110413 
 0.33027780 


Critical values for test statistics.

         t-ps              J

 0.95000000  1.72000000  0.01000000  0.48800000 
 0.97500000  2.15200000  0.02500000  0.67800000 
 0.99000000  2.64700000  0.05000000  0.90800000 

Table of Empirical Results for Trend Tests
t-PS is the test of Vogelsang (1998) and t-Dan is one of
tests recommended by Bunzel and Vogelsang (2003)

                       tdan-J b=0.02                       t-PS             J
    T      bhat       5%     2.5%     1%    btild     5%     2.5%     1%
 100.0000  0.0000 -0.6553 -0.5472 -0.4238  0.0000 -1.0924 -0.9822 -0.8099 
 0.3812 


Critical values for test statistics.

          tdan   t-ps              J

 0.9500  1.7100  1.7200  0.0100  0.4880 
 0.9750  2.0520  2.1520  0.0250  0.6780 
 0.9900  2.4620  2.6470  0.0500  0.9080 

Table of Empirical Results for Trend Tests
t-PS is the test of Vogelsang (1998) and t-Dan is one of
tests recommended by Bunzel and Vogelsang (2003)

                       tdan-J b=0.02                       t-PS             J
    T      bhat       5%     2.5%     1%    btild     5%     2.5%     1%
 100.0000 -0.0016 -0.5953 -0.5572 -0.5074 -0.0027 -1.0103 -0.9717 -0.9054 
 0.1396 


Critical values for test statistics.

          tdan   t-ps              J

 0.9500  1.7100  1.7200  0.0100  0.4880 
 0.9750  2.0520  2.1520  0.0250  0.6780 
 0.9900  2.4620  2.6470  0.0500  0.9080 

Table of Empirical Results for Trend Tests
t-PS is the test of Vogelsang (1998) and t-Dan is one of
tests recommended by Bunzel and Vogelsang (2003)

                       tdan-J b=0.02                       t-PS             J
    T      bhat       5%     2.5%     1%    btild     5%     2.5%     1%
 100.0000 -0.0016 -0.5953 -0.5572 -0.5074 -0.0027 -1.0103 -0.9717 -0.9054 
 0.1396 


Critical values for test statistics.

          tdan   t-ps              J

 0.9500  1.7100  1.7200  0.0100  0.4880 
 0.9750  2.0520  2.1520  0.0250  0.6780 
 0.9900  2.4620  2.6470  0.0500  0.9080 

Table of Empirical Results for Trend Tests
t-PS is the test of Vogelsang (1998) and t-Dan is one of
tests recommended by Bunzel and Vogelsang (2003)

                       tdan-J b=0.02                       t-PS             J
    T      bhat       5%     2.5%     1%    btild     5%     2.5%     1%
 100.0000  0.0000 -0.6553 -0.5472 -0.4238  0.0000 -1.0924 -0.9822 -0.8099 
 0.3812 


Critical values for test statistics.

          tdan   t-ps              J

 0.9500  1.7100  1.7200  0.0100  0.4880 
 0.9750  2.0520  2.1520  0.0250  0.6780 
 0.9900  2.4620  2.6470  0.0500  0.9080 

Table of Empirical Results for Trend Tests
t-PS is the test of Vogelsang (1998) and t-Dan is one of
tests recommended by Bunzel and Vogelsang (2003)

                       tdan-J b=0.02                       t-PS             J
    T      bhat       5%     2.5%     1%    btild     5%     2.5%     1%
 84.0000  0.0000 -1.4764 -1.2659 -1.0180  0.0000 -1.2133 -1.1081 -0.9400 
 0.3251 


Critical values for test statistics.

          tdan   t-ps              J

 0.9500  1.7100  1.7200  0.0100  0.4880 
 0.9750  2.0520  2.1520  0.0250  0.6780 
 0.9900  2.4620  2.6470  0.0500  0.9080 

Table of Empirical Results for Trend Test
t-PS is the test of Vogelsang (1998)

                                    t-PS             J
    T      bhat     btild    5%     2.5%     1%
 250.00000000  0.00572053  0.00638985  2.34715686  2.14053810  1.81110413 
 0.33027780 


Critical values for test statistics.

         t-ps              J

 0.95000000  1.72000000  0.01000000  0.48800000 
 0.97500000  2.15200000  0.02500000  0.67800000 
 0.99000000  2.64700000  0.05000000  0.90800000 

Table of Empirical Results for Trend Test
t-PS is the test of Vogelsang (1998)

                                    t-PS             J
    T      bhat     btild    5%     2.5%     1%
 250.00000000  0.00572053  0.00638985  2.34715686  2.14053810  1.81110413 
 0.33027780 


Critical values for test statistics.

         t-ps              J

 0.95000000  1.72000000  0.01000000  0.48800000 
 0.97500000  2.15200000  0.02500000  0.67800000 
 0.99000000  2.64700000  0.05000000  0.90800000 

Table of Empirical Results for Trend Test
t-PS is the test of Vogelsang (1998)

                                    t-PS             J
    T      bhat     btild    5%     2.5%     1%
 250.00000000  0.00572053  0.00638985  2.34715686  2.14053810  1.81110413 
 0.33027780 


Critical values for test statistics.

         t-ps              J

 0.95000000  1.72000000  0.01000000  0.48800000 
 0.97500000  2.15200000  0.02500000  0.67800000 
 0.99000000  2.64700000  0.05000000  0.90800000 
